e:\gitworkstation\设计模式\decoratorpattern\decoratorpattern\debug\vc140.pdb
e:\gitworkstation\设计模式\decoratorpattern\decoratorpattern\debug\vc140.idb
e:\gitworkstation\设计模式\decoratorpattern\decoratorpattern\debug\beverage.obj
e:\gitworkstation\设计模式\decoratorpattern\decoratorpattern\debug\condimentdecorator.obj
e:\gitworkstation\设计模式\decoratorpattern\decoratorpattern\debug\espreso.obj
e:\gitworkstation\设计模式\decoratorpattern\decoratorpattern\debug\houseblend.obj
e:\gitworkstation\设计模式\decoratorpattern\decoratorpattern\debug\main.obj
e:\gitworkstation\设计模式\decoratorpattern\decoratorpattern\debug\mocha.obj
e:\gitworkstation\设计模式\decoratorpattern\decoratorpattern\debug\soy.obj
e:\gitworkstation\设计模式\decoratorpattern\decoratorpattern\debug\whip.obj
e:\gitworkstation\设计模式\decoratorpattern\decoratorpattern\debug\darkroast.obj
e:\gitworkstation\设计模式\decoratorpattern\decoratorpattern\debug\decab.obj
e:\gitworkstation\设计模式\decoratorpattern\decoratorpattern\debug\milk.obj
e:\gitworkstation\设计模式\decoratorpattern\debug\decoratorpattern.ilk
e:\gitworkstation\设计模式\decoratorpattern\debug\decoratorpattern.exe
e:\gitworkstation\设计模式\decoratorpattern\debug\decoratorpattern.pdb
e:\gitworkstation\设计模式\decoratorpattern\decoratorpattern\debug\decoratorpattern.tlog\cl.command.1.tlog
e:\gitworkstation\设计模式\decoratorpattern\decoratorpattern\debug\decoratorpattern.tlog\cl.read.1.tlog
e:\gitworkstation\设计模式\decoratorpattern\decoratorpattern\debug\decoratorpattern.tlog\cl.write.1.tlog
e:\gitworkstation\设计模式\decoratorpattern\decoratorpattern\debug\decoratorpattern.tlog\link.command.1.tlog
e:\gitworkstation\设计模式\decoratorpattern\decoratorpattern\debug\decoratorpattern.tlog\link.read.1.tlog
e:\gitworkstation\设计模式\decoratorpattern\decoratorpattern\debug\decoratorpattern.tlog\link.write.1.tlog
